Using pre-set license
Built from '2020.3/staging' branch; Version is '2020.3.21f1 (a38c86f6690f) revision 10718342'; Using compiler version '192528614'; Build Type 'Release'
OS: 'Windows 10 Pro; OS build 19042.1526; Version 2009; 64bit' Language: 'ko' Physical Memory: 65263 MB
BatchMode: 1, IsHumanControllingUs: 0, StartBugReporterOnCrash: 0, Is64bit: 1, IsPro: 0

COMMAND LINE ARGUMENTS:
C:\Program Files\Unity\Hub\Editor\2020.3.21f1\Editor\Unity.exe
-adb2
-batchMode
-noUpm
-name
AssetImportWorker0
-projectPath
E:/이서현/게임인재원/미니프로젝트_1/JumpOnTheRiver_Prototype/Prototype
-logFile
Logs/AssetImportWorker0.log
-srvPort
14104
Successfully changed project path to: E:/이서현/게임인재원/미니프로젝트_1/JumpOnTheRiver_Prototype/Prototype
E:/이서현/게임인재원/미니프로젝트_1/JumpOnTheRiver_Prototype/Prototype
Using Asset Import Pipeline V2.
Refreshing native plugins compatible for Editor in 40.47 ms, found 3 plugins.
Preloading 0 native plugins for Editor in 0.00 ms.
Initialize engine version: 2020.3.21f1 (a38c86f6690f)
[Subsystems] Discovering subsystems at path C:/Program Files/Unity/Hub/Editor/2020.3.21f1/Editor/Data/Resources/UnitySubsystems
[Subsystems] Discovering subsystems at path E:/이서현/게임인재원/미니프로젝트_1/JumpOnTheRiver_Prototype/Prototype/Assets
GfxDevice: creating device client; threaded=0
Direct3D:
    Version:  Direct3D 11.0 [level 11.1]
    Renderer: NVIDIA GeForce RTX 2080 Ti (ID=0x1e04)
    Vendor:   
    VRAM:     11048 MB
    Driver:   30.0.14.7208
Initialize mono
Mono path[0] = 'C:/Program Files/Unity/Hub/Editor/2020.3.21f1/Editor/Data/Managed'
Mono path[1] = 'C:/Program Files/Unity/Hub/Editor/2020.3.21f1/Editor/Data/MonoBleedingEdge/lib/mono/unityjit'
Mono config path = 'C:/Program Files/Unity/Hub/Editor/2020.3.21f1/Editor/Data/MonoBleedingEdge/etc'
Using monoOptions --debugger-agent=transport=dt_socket,embedding=1,server=y,suspend=n,address=127.0.0.1:56772
Begin MonoManager ReloadAssembly
Registering precompiled unity dll's ...
Register platform support module: C:/Program Files/Unity/Hub/Editor/2020.3.21f1/Editor/Data/PlaybackEngines/WindowsStandaloneSupport/UnityEditor.WindowsStandalone.Extensions.dll
Registered in 0.003413 seconds.
Native extension for WindowsStandalone target not found
Refreshing native plugins compatible for Editor in 59.30 ms, found 3 plugins.
Preloading 0 native plugins for Editor in 0.00 ms.
Mono: successfully reloaded assembly
- Completed reload, in  1.869 seconds
Domain Reload Profiling:
	ReloadAssembly (1869ms)
		BeginReloadAssembly (58ms)
			ExecutionOrderSort (0ms)
			DisableScriptedObjects (0ms)
			BackupInstance (0ms)
			ReleaseScriptingObjects (0ms)
			CreateAndSetChildDomain (1ms)
		EndReloadAssembly (454ms)
			LoadAssemblies (56ms)
			RebuildTransferFunctionScriptingTraits (0ms)
			SetupTypeCache (143ms)
			ReleaseScriptCaches (0ms)
			RebuildScriptCaches (54ms)
			SetupLoadedEditorAssemblies (169ms)
				LogAssemblyErrors (0ms)
				InitializePlatformSupportModulesInManaged (4ms)
				SetLoadedEditorAssemblies (1ms)
				RefreshPlugins (59ms)
				BeforeProcessingInitializeOnLoad (11ms)
				ProcessInitializeOnLoadAttributes (69ms)
				ProcessInitializeOnLoadMethodAttributes (24ms)
				AfterProcessingInitializeOnLoad (0ms)
				EditorAssembliesLoaded (0ms)
			ExecutionOrderSort2 (0ms)
			AwakeInstancesAfterBackupRestoration (0ms)
Platform modules already initialized, skipping
Registering precompiled user dll's ...
Registered in 0.003170 seconds.
Begin MonoManager ReloadAssembly
Native extension for WindowsStandalone target not found
Refreshing native plugins compatible for Editor in 39.20 ms, found 3 plugins.
Preloading 0 native plugins for Editor in 0.00 ms.
Mono: successfully reloaded assembly
- Completed reload, in  1.099 seconds
Domain Reload Profiling:
	ReloadAssembly (1100ms)
		BeginReloadAssembly (181ms)
			ExecutionOrderSort (0ms)
			DisableScriptedObjects (12ms)
			BackupInstance (0ms)
			ReleaseScriptingObjects (0ms)
			CreateAndSetChildDomain (38ms)
		EndReloadAssembly (865ms)
			LoadAssemblies (80ms)
			RebuildTransferFunctionScriptingTraits (0ms)
			SetupTypeCache (273ms)
			ReleaseScriptCaches (1ms)
			RebuildScriptCaches (62ms)
			SetupLoadedEditorAssemblies (341ms)
				LogAssemblyErrors (0ms)
				InitializePlatformSupportModulesInManaged (4ms)
				SetLoadedEditorAssemblies (0ms)
				RefreshPlugins (39ms)
				BeforeProcessingInitializeOnLoad (71ms)
				ProcessInitializeOnLoadAttributes (206ms)
				ProcessInitializeOnLoadMethodAttributes (16ms)
				AfterProcessingInitializeOnLoad (5ms)
				EditorAssembliesLoaded (0ms)
			ExecutionOrderSort2 (0ms)
			AwakeInstancesAfterBackupRestoration (6ms)
Platform modules already initialized, skipping
========================================================================
Worker process is ready to serve import requests
Launched and connected shader compiler UnityShaderCompiler.exe after 0.12 seconds
Refreshing native plugins compatible for Editor in 0.60 ms, found 3 plugins.
Preloading 0 native plugins for Editor in 0.00 ms.
Unloading 2190 Unused Serialized files (Serialized files now loaded: 0)
System memory in use before: 96.4 MB.
System memory in use after: 96.5 MB.

Unloading 28 unused Assets to reduce memory usage. Loaded Objects now: 2624.
Total: 4.951200 ms (FindLiveObjects: 0.327000 ms CreateObjectMapping: 0.083700 ms MarkObjects: 4.450800 ms  DeleteObjects: 0.088600 ms)

AssetImportParameters requested are different than current active one (requested -> active):
  custom:framework-win-MediaFoundation: 216162199b28c13a410421893ffa2e32 -> 
  custom:video-decoder-ogg-theora: a1e56fd34408186e4bbccfd4996cb3dc -> 
  custom:container-muxer-webm: aa71ff27fc2769a1b78a27578f13a17b -> 
  custom:container-demuxer-webm: 4f35f7cbe854078d1ac9338744f61a02 -> 
  custom:container-demuxer-ogg: 62fdf1f143b41e24485cea50d1cbac27 -> 
  custom:video-encoder-webm-vp8: eb34c28f22e8b96e1ab97ce403110664 -> 
  custom:video-decoder-webm-vp8: 9c59270c3fd7afecdb556c50c9e8de78 -> 
  custom:audio-decoder-ogg-vorbis: bf7c407c2cedff20999df2af8eb42d56 -> 
  custom:audio-encoder-webm-vorbis: bf7c407c2cedff20999df2af8eb42d56 -> 
========================================================================
Received Import Request.
  path: Assets/Prefabs/Doll.prefab
  artifactKey: Guid(158a44fc7806a4c42b518d9b6504766c) Importer(815301076,1909f56bfc062723c751e8b465ee728b)
Start importing Assets/Prefabs/Doll.prefab using Guid(158a44fc7806a4c42b518d9b6504766c) Importer(815301076,1909f56bfc062723c751e8b465ee728b)  -> (artifact id: '91602afc9f1dd27e3688ae751971ce4c') in 0.139467 seconds 
  Import took 0.145320 seconds .

========================================================================
Received Prepare
Registering precompiled user dll's ...
Registered in 0.003140 seconds.
Begin MonoManager ReloadAssembly
Native extension for WindowsStandalone target not found
Refreshing native plugins compatible for Editor in 0.64 ms, found 3 plugins.
Preloading 0 native plugins for Editor in 0.00 ms.
Mono: successfully reloaded assembly
- Completed reload, in  0.993 seconds
Domain Reload Profiling:
	ReloadAssembly (993ms)
		BeginReloadAssembly (139ms)
			ExecutionOrderSort (0ms)
			DisableScriptedObjects (5ms)
			BackupInstance (0ms)
			ReleaseScriptingObjects (0ms)
			CreateAndSetChildDomain (53ms)
		EndReloadAssembly (799ms)
			LoadAssemblies (78ms)
			RebuildTransferFunctionScriptingTraits (0ms)
			SetupTypeCache (272ms)
			ReleaseScriptCaches (1ms)
			RebuildScriptCaches (43ms)
			SetupLoadedEditorAssemblies (316ms)
				LogAssemblyErrors (0ms)
				InitializePlatformSupportModulesInManaged (4ms)
				SetLoadedEditorAssemblies (0ms)
				RefreshPlugins (1ms)
				BeforeProcessingInitializeOnLoad (81ms)
				ProcessInitializeOnLoadAttributes (212ms)
				ProcessInitializeOnLoadMethodAttributes (12ms)
				AfterProcessingInitializeOnLoad (6ms)
				EditorAssembliesLoaded (0ms)
			ExecutionOrderSort2 (0ms)
			AwakeInstancesAfterBackupRestoration (8ms)
Platform modules already initialized, skipping
Refreshing native plugins compatible for Editor in 0.60 ms, found 3 plugins.
Preloading 0 native plugins for Editor in 0.00 ms.
Unloading 2179 Unused Serialized files (Serialized files now loaded: 0)
System memory in use before: 98.8 MB.
System memory in use after: 98.9 MB.

Unloading 17 unused Assets to reduce memory usage. Loaded Objects now: 2633.
Total: 3.873600 ms (FindLiveObjects: 0.293000 ms CreateObjectMapping: 0.073900 ms MarkObjects: 3.486100 ms  DeleteObjects: 0.019600 ms)

AssetImportParameters requested are different than current active one (requested -> active):
  custom:framework-win-MediaFoundation: 216162199b28c13a410421893ffa2e32 -> 
  custom:video-decoder-ogg-theora: a1e56fd34408186e4bbccfd4996cb3dc -> 
  custom:container-muxer-webm: aa71ff27fc2769a1b78a27578f13a17b -> 
  custom:container-demuxer-webm: 4f35f7cbe854078d1ac9338744f61a02 -> 
  custom:container-demuxer-ogg: 62fdf1f143b41e24485cea50d1cbac27 -> 
  custom:video-encoder-webm-vp8: eb34c28f22e8b96e1ab97ce403110664 -> 
  custom:video-decoder-webm-vp8: 9c59270c3fd7afecdb556c50c9e8de78 -> 
  custom:audio-decoder-ogg-vorbis: bf7c407c2cedff20999df2af8eb42d56 -> 
  custom:audio-encoder-webm-vorbis: bf7c407c2cedff20999df2af8eb42d56 -> 
========================================================================
Received Prepare
Registering precompiled user dll's ...
Registered in 0.002923 seconds.
Begin MonoManager ReloadAssembly
Native extension for WindowsStandalone target not found
Refreshing native plugins compatible for Editor in 0.60 ms, found 3 plugins.
Preloading 0 native plugins for Editor in 0.00 ms.
Mono: successfully reloaded assembly
- Completed reload, in  0.967 seconds
Domain Reload Profiling:
	ReloadAssembly (967ms)
		BeginReloadAssembly (126ms)
			ExecutionOrderSort (0ms)
			DisableScriptedObjects (5ms)
			BackupInstance (0ms)
			ReleaseScriptingObjects (0ms)
			CreateAndSetChildDomain (52ms)
		EndReloadAssembly (785ms)
			LoadAssemblies (80ms)
			RebuildTransferFunctionScriptingTraits (0ms)
			SetupTypeCache (277ms)
			ReleaseScriptCaches (1ms)
			RebuildScriptCaches (43ms)
			SetupLoadedEditorAssemblies (291ms)
				LogAssemblyErrors (0ms)
				InitializePlatformSupportModulesInManaged (4ms)
				SetLoadedEditorAssemblies (0ms)
				RefreshPlugins (1ms)
				BeforeProcessingInitializeOnLoad (84ms)
				ProcessInitializeOnLoadAttributes (171ms)
				ProcessInitializeOnLoadMethodAttributes (19ms)
				AfterProcessingInitializeOnLoad (11ms)
				EditorAssembliesLoaded (0ms)
			ExecutionOrderSort2 (0ms)
			AwakeInstancesAfterBackupRestoration (9ms)
Platform modules already initialized, skipping
Refreshing native plugins compatible for Editor in 0.59 ms, found 3 plugins.
Preloading 0 native plugins for Editor in 0.00 ms.
Unloading 2179 Unused Serialized files (Serialized files now loaded: 0)
System memory in use before: 98.8 MB.
System memory in use after: 98.9 MB.

Unloading 17 unused Assets to reduce memory usage. Loaded Objects now: 2635.
Total: 7.790100 ms (FindLiveObjects: 0.446600 ms CreateObjectMapping: 0.195400 ms MarkObjects: 7.123500 ms  DeleteObjects: 0.022900 ms)

AssetImportParameters requested are different than current active one (requested -> active):
  custom:framework-win-MediaFoundation: 216162199b28c13a410421893ffa2e32 -> 
  custom:video-decoder-ogg-theora: a1e56fd34408186e4bbccfd4996cb3dc -> 
  custom:container-muxer-webm: aa71ff27fc2769a1b78a27578f13a17b -> 
  custom:container-demuxer-webm: 4f35f7cbe854078d1ac9338744f61a02 -> 
  custom:container-demuxer-ogg: 62fdf1f143b41e24485cea50d1cbac27 -> 
  custom:video-encoder-webm-vp8: eb34c28f22e8b96e1ab97ce403110664 -> 
  custom:video-decoder-webm-vp8: 9c59270c3fd7afecdb556c50c9e8de78 -> 
  custom:audio-decoder-ogg-vorbis: bf7c407c2cedff20999df2af8eb42d56 -> 
  custom:audio-encoder-webm-vorbis: bf7c407c2cedff20999df2af8eb42d56 -> 
========================================================================
Received Import Request.
  Time since last request: 1056.117259 seconds.
  path: Assets/Prefabs/rock1.prefab
  artifactKey: Guid(e9953d2dcf786a24eb69e3e99fc1a5d0) Importer(815301076,1909f56bfc062723c751e8b465ee728b)
Start importing Assets/Prefabs/rock1.prefab using Guid(e9953d2dcf786a24eb69e3e99fc1a5d0) Importer(815301076,1909f56bfc062723c751e8b465ee728b)  -> (artifact id: '7aef21b8e92c9a3c24a02c9efc8be548') in 0.079239 seconds 
  Import took 0.087745 seconds .

========================================================================
Received Import Request.
  Time since last request: 0.000444 seconds.
  path: Assets/Prefabs/Vine_object.prefab
  artifactKey: Guid(825f97a4eb3b6f94ab0c2254e75f5808) Importer(815301076,1909f56bfc062723c751e8b465ee728b)
Start importing Assets/Prefabs/Vine_object.prefab using Guid(825f97a4eb3b6f94ab0c2254e75f5808) Importer(815301076,1909f56bfc062723c751e8b465ee728b)  -> (artifact id: 'cb826cd5ee4ec53f563e0f077e9b143b') in 0.029459 seconds 
  Import took 0.035326 seconds .

========================================================================
Received Import Request.
  Time since last request: 1.296181 seconds.
  path: Assets/Prefabs/rock1shadow.prefab
  artifactKey: Guid(b3dac7f9197f3c44baa50ac672a94254) Importer(815301076,1909f56bfc062723c751e8b465ee728b)
Start importing Assets/Prefabs/rock1shadow.prefab using Guid(b3dac7f9197f3c44baa50ac672a94254) Importer(815301076,1909f56bfc062723c751e8b465ee728b)  -> (artifact id: '85bb8f7dffbbc386dc8d54c4909ea189') in 0.030782 seconds 
  Import took 0.037427 seconds .

========================================================================
Received Import Request.
  Time since last request: 1.205069 seconds.
  path: Assets/Prefabs/rock2.prefab
  artifactKey: Guid(65972d37c0759cf40a29c8b1552cb387) Importer(815301076,1909f56bfc062723c751e8b465ee728b)
Start importing Assets/Prefabs/rock2.prefab using Guid(65972d37c0759cf40a29c8b1552cb387) Importer(815301076,1909f56bfc062723c751e8b465ee728b)  -> (artifact id: '12c9dfb3f8bedbefca0903505f81a8f5') in 0.030868 seconds 
  Import took 0.037013 seconds .

========================================================================
Received Import Request.
  Time since last request: 2.129335 seconds.
  path: Assets/Prefabs/rock2shadow.prefab
  artifactKey: Guid(4243af4614968fc41b649c5b421b889c) Importer(815301076,1909f56bfc062723c751e8b465ee728b)
Start importing Assets/Prefabs/rock2shadow.prefab using Guid(4243af4614968fc41b649c5b421b889c) Importer(815301076,1909f56bfc062723c751e8b465ee728b)  -> (artifact id: 'b8b48deff2cdfde1da105ac0185e0dc7') in 0.021581 seconds 
  Import took 0.030266 seconds .

========================================================================
Received Import Request.
  Time since last request: 1.407184 seconds.
  path: Assets/Prefabs/rock3.prefab
  artifactKey: Guid(f582b098cab471c448d74efb03f317cf) Importer(815301076,1909f56bfc062723c751e8b465ee728b)
Start importing Assets/Prefabs/rock3.prefab using Guid(f582b098cab471c448d74efb03f317cf) Importer(815301076,1909f56bfc062723c751e8b465ee728b)  -> (artifact id: '0bcfbcc9d9bc380148415b42021e6e41') in 0.020689 seconds 
  Import took 0.026846 seconds .

========================================================================
Received Import Request.
  Time since last request: 1.098701 seconds.
  path: Assets/Prefabs/rock3shadow.prefab
  artifactKey: Guid(523dae82e79efdf45ba19bf1d793ff1f) Importer(815301076,1909f56bfc062723c751e8b465ee728b)
Start importing Assets/Prefabs/rock3shadow.prefab using Guid(523dae82e79efdf45ba19bf1d793ff1f) Importer(815301076,1909f56bfc062723c751e8b465ee728b)  -> (artifact id: 'd785626aa640c6fc252c7e1aa0beb184') in 0.024661 seconds 
  Import took 0.033571 seconds .

========================================================================
Received Import Request.
  Time since last request: 0.982987 seconds.
  path: Assets/Prefabs/rockmix1shadow.prefab
  artifactKey: Guid(c98b9528632ff6b4d91116f759c59cdc) Importer(815301076,1909f56bfc062723c751e8b465ee728b)
Start importing Assets/Prefabs/rockmix1shadow.prefab using Guid(c98b9528632ff6b4d91116f759c59cdc) Importer(815301076,1909f56bfc062723c751e8b465ee728b)  -> (artifact id: '28c3048f038ee12970330a98484e3a4c') in 0.023409 seconds 
  Import took 0.029663 seconds .

========================================================================
Received Import Request.
  Time since last request: 3.705282 seconds.
  path: Assets/Prefabs/rockmix1.prefab
  artifactKey: Guid(f71a93653318cac4e9e92530ca337997) Importer(815301076,1909f56bfc062723c751e8b465ee728b)
Start importing Assets/Prefabs/rockmix1.prefab using Guid(f71a93653318cac4e9e92530ca337997) Importer(815301076,1909f56bfc062723c751e8b465ee728b)  -> (artifact id: '53789fcb144d60fc4cebd3d957c2e77a') in 0.025086 seconds 
  Import took 0.033946 seconds .

========================================================================
Received Import Request.
  Time since last request: 1.449122 seconds.
  path: Assets/Prefabs/rockmix2.prefab
  artifactKey: Guid(f048da7b15252f140bed0e0d764b7ed4) Importer(815301076,1909f56bfc062723c751e8b465ee728b)
Start importing Assets/Prefabs/rockmix2.prefab using Guid(f048da7b15252f140bed0e0d764b7ed4) Importer(815301076,1909f56bfc062723c751e8b465ee728b)  -> (artifact id: '7c5fa736ebf96741621b0d49320280b6') in 0.022098 seconds 
  Import took 0.031513 seconds .

========================================================================
Received Import Request.
  Time since last request: 1.348095 seconds.
  path: Assets/Prefabs/rockmix2shadow.prefab
  artifactKey: Guid(70a9d13a5a154e0458a8adfed4dbfd3f) Importer(815301076,1909f56bfc062723c751e8b465ee728b)
Start importing Assets/Prefabs/rockmix2shadow.prefab using Guid(70a9d13a5a154e0458a8adfed4dbfd3f) Importer(815301076,1909f56bfc062723c751e8b465ee728b)  -> (artifact id: 'ee7b795b3f66041ab5a8848d1dba72e2') in 0.021747 seconds 
  Import took 0.027967 seconds .

========================================================================
Received Import Request.
  Time since last request: 1.202485 seconds.
  path: Assets/Prefabs/rockmix3.prefab
  artifactKey: Guid(93c7cda7b97827344a253f6f8e53568a) Importer(815301076,1909f56bfc062723c751e8b465ee728b)
Start importing Assets/Prefabs/rockmix3.prefab using Guid(93c7cda7b97827344a253f6f8e53568a) Importer(815301076,1909f56bfc062723c751e8b465ee728b)  -> (artifact id: 'c2bbe4880f2a021634e6004343493795') in 0.021266 seconds 
  Import took 0.029913 seconds .

========================================================================
Received Import Request.
  Time since last request: 1.506746 seconds.
  path: Assets/Prefabs/rockmix3shadow.prefab
  artifactKey: Guid(af22553a44115cc4488f17fb33945019) Importer(815301076,1909f56bfc062723c751e8b465ee728b)
Start importing Assets/Prefabs/rockmix3shadow.prefab using Guid(af22553a44115cc4488f17fb33945019) Importer(815301076,1909f56bfc062723c751e8b465ee728b)  -> (artifact id: 'dbb18af07c8047adf92cd05160719aa7') in 0.023089 seconds 
  Import took 0.029323 seconds .

========================================================================
Received Import Request.
  Time since last request: 85.440134 seconds.
  path: Assets/Prefabs/Character
  artifactKey: Guid(da9bb33f8aee6d8449703f3501a53532) Importer(815301076,1909f56bfc062723c751e8b465ee728b)
Start importing Assets/Prefabs/Character using Guid(da9bb33f8aee6d8449703f3501a53532) Importer(815301076,1909f56bfc062723c751e8b465ee728b)  -> (artifact id: 'b1d558614b7e06b4cb952aa959d433f3') in 0.012498 seconds 
  Import took 0.019026 seconds .

========================================================================
Received Import Request.
  Time since last request: 13.032574 seconds.
  path: Assets/Prefabs/rock
  artifactKey: Guid(05f417a86a314434e9c5f437418061b7) Importer(815301076,1909f56bfc062723c751e8b465ee728b)
Start importing Assets/Prefabs/rock using Guid(05f417a86a314434e9c5f437418061b7) Importer(815301076,1909f56bfc062723c751e8b465ee728b)  -> (artifact id: '79bf5cd340d85a82c70df9c0edde458e') in 0.012368 seconds 
  Import took 0.018620 seconds .

========================================================================
Received Import Request.
  Time since last request: 22.478828 seconds.
  path: Assets/Prefabs/Rock
  artifactKey: Guid(05f417a86a314434e9c5f437418061b7) Importer(815301076,1909f56bfc062723c751e8b465ee728b)
Start importing Assets/Prefabs/Rock using Guid(05f417a86a314434e9c5f437418061b7) Importer(815301076,1909f56bfc062723c751e8b465ee728b)  -> (artifact id: 'bdf7a74750b39ef614656ace08fd7b25') in 0.012511 seconds 
  Import took 0.019999 seconds .

========================================================================
Received Import Request.
  Time since last request: 12.613300 seconds.
  path: Assets/Prefabs/Vine.prefab
  artifactKey: Guid(825f97a4eb3b6f94ab0c2254e75f5808) Importer(815301076,1909f56bfc062723c751e8b465ee728b)
Start importing Assets/Prefabs/Vine.prefab using Guid(825f97a4eb3b6f94ab0c2254e75f5808) Importer(815301076,1909f56bfc062723c751e8b465ee728b)  -> (artifact id: '000712359bc599bc31b5484333e7a6fc') in 0.024569 seconds 
  Import took 0.033841 seconds .

========================================================================
Received Import Request.
  Time since last request: 358.396155 seconds.
  path: Assets/Prefabs/Cloud
  artifactKey: Guid(8925166389167f44a9f7da0af9a2a634) Importer(815301076,1909f56bfc062723c751e8b465ee728b)
Start importing Assets/Prefabs/Cloud using Guid(8925166389167f44a9f7da0af9a2a634) Importer(815301076,1909f56bfc062723c751e8b465ee728b)  -> (artifact id: '4be46e3204e78e72c783b18ce9f9d50c') in 0.012594 seconds 
  Import took 0.019789 seconds .

========================================================================
Received Import Request.
  Time since last request: 2.602964 seconds.
  path: Assets/Prefabs/Cloud/cloud2.prefab
  artifactKey: Guid(d0b0abd93f997124d90ccfb7d1632fd9) Importer(815301076,1909f56bfc062723c751e8b465ee728b)
Start importing Assets/Prefabs/Cloud/cloud2.prefab using Guid(d0b0abd93f997124d90ccfb7d1632fd9) Importer(815301076,1909f56bfc062723c751e8b465ee728b)  -> (artifact id: 'e24a93472d562422d32afe949567ff33') in 0.027209 seconds 
  Import took 0.031439 seconds .

========================================================================
Received Import Request.
  Time since last request: 1.669646 seconds.
  path: Assets/Prefabs/Cloud/cloud2shadow.prefab
  artifactKey: Guid(af7fa28b57f341d40b845763dbeef70a) Importer(815301076,1909f56bfc062723c751e8b465ee728b)
Start importing Assets/Prefabs/Cloud/cloud2shadow.prefab using Guid(af7fa28b57f341d40b845763dbeef70a) Importer(815301076,1909f56bfc062723c751e8b465ee728b)  -> (artifact id: '0552552438514b08122fef1ddd71b513') in 0.022607 seconds 
  Import took 0.030935 seconds .

========================================================================
Received Import Request.
  Time since last request: 1.327281 seconds.
  path: Assets/Prefabs/Cloud/cloud3.prefab
  artifactKey: Guid(ad3ff578ae5a8534ba0374b9a028dfc0) Importer(815301076,1909f56bfc062723c751e8b465ee728b)
Start importing Assets/Prefabs/Cloud/cloud3.prefab using Guid(ad3ff578ae5a8534ba0374b9a028dfc0) Importer(815301076,1909f56bfc062723c751e8b465ee728b)  -> (artifact id: 'ec7e205894243a37a8d05025b991e941') in 0.021220 seconds 
  Import took 0.028195 seconds .

========================================================================
Received Import Request.
  Time since last request: 1.134799 seconds.
  path: Assets/Prefabs/Cloud/cloud3shadow.prefab
  artifactKey: Guid(8d4c2fc3dc0de7f488003f751cb14adc) Importer(815301076,1909f56bfc062723c751e8b465ee728b)
Start importing Assets/Prefabs/Cloud/cloud3shadow.prefab using Guid(8d4c2fc3dc0de7f488003f751cb14adc) Importer(815301076,1909f56bfc062723c751e8b465ee728b)  -> (artifact id: '90a4418cafd6b2e7e9ad942e73e714f0') in 0.023527 seconds 
  Import took 0.032133 seconds .

========================================================================
Received Import Request.
  Time since last request: 1.228458 seconds.
  path: Assets/Prefabs/Cloud/cloud.prefab
  artifactKey: Guid(4a3547b2eeec91f4696ccfd96539f8dc) Importer(815301076,1909f56bfc062723c751e8b465ee728b)
Start importing Assets/Prefabs/Cloud/cloud.prefab using Guid(4a3547b2eeec91f4696ccfd96539f8dc) Importer(815301076,1909f56bfc062723c751e8b465ee728b)  -> (artifact id: 'c83a05542687e31bc9d98a59b1aae082') in 0.031636 seconds 
  Import took 0.040226 seconds .

========================================================================
Received Import Request.
  Time since last request: 1.243057 seconds.
  path: Assets/Prefabs/Cloud/cloudshadow.prefab
  artifactKey: Guid(2bff5d876fbc3ae428c8344b3ae31e67) Importer(815301076,1909f56bfc062723c751e8b465ee728b)
Start importing Assets/Prefabs/Cloud/cloudshadow.prefab using Guid(2bff5d876fbc3ae428c8344b3ae31e67) Importer(815301076,1909f56bfc062723c751e8b465ee728b)  -> (artifact id: '9c4bbe1b63bfe54db9b8b9ab52eafac9') in 0.020485 seconds 
  Import took 0.029905 seconds .

========================================================================
Received Import Request.
  Time since last request: 20.073991 seconds.
  path: Assets/Prefabs/Cloud/cloud.prefab
  artifactKey: Guid(4a3547b2eeec91f4696ccfd96539f8dc) Importer(815301076,1909f56bfc062723c751e8b465ee728b)
Start importing Assets/Prefabs/Cloud/cloud.prefab using Guid(4a3547b2eeec91f4696ccfd96539f8dc) Importer(815301076,1909f56bfc062723c751e8b465ee728b)  -> (artifact id: 'a595dc9fb2794f9546075148fadeccdd') in 0.012846 seconds 
  Import took 0.021848 seconds .

========================================================================
Received Import Request.
  Time since last request: 2.872799 seconds.
  path: Assets/Prefabs/Cloud/cloud2.prefab
  artifactKey: Guid(d0b0abd93f997124d90ccfb7d1632fd9) Importer(815301076,1909f56bfc062723c751e8b465ee728b)
Start importing Assets/Prefabs/Cloud/cloud2.prefab using Guid(d0b0abd93f997124d90ccfb7d1632fd9) Importer(815301076,1909f56bfc062723c751e8b465ee728b)  -> (artifact id: '91de81abafa7634202d39d1305578a55') in 0.014303 seconds 
  Import took 0.020735 seconds .

========================================================================
Received Import Request.
  Time since last request: 2.598724 seconds.
  path: Assets/Prefabs/Cloud/cloud2shadow.prefab
  artifactKey: Guid(af7fa28b57f341d40b845763dbeef70a) Importer(815301076,1909f56bfc062723c751e8b465ee728b)
Start importing Assets/Prefabs/Cloud/cloud2shadow.prefab using Guid(af7fa28b57f341d40b845763dbeef70a) Importer(815301076,1909f56bfc062723c751e8b465ee728b)  -> (artifact id: 'e0e9a710b49514c3524ae9e2ca541992') in 0.012377 seconds 
  Import took 0.019661 seconds .

========================================================================
Received Import Request.
  Time since last request: 2.483770 seconds.
  path: Assets/Prefabs/Cloud/cloud3.prefab
  artifactKey: Guid(ad3ff578ae5a8534ba0374b9a028dfc0) Importer(815301076,1909f56bfc062723c751e8b465ee728b)
Start importing Assets/Prefabs/Cloud/cloud3.prefab using Guid(ad3ff578ae5a8534ba0374b9a028dfc0) Importer(815301076,1909f56bfc062723c751e8b465ee728b)  -> (artifact id: '1adaa26a79d862ed6c65188a595b22a3') in 0.018023 seconds 
  Import took 0.024517 seconds .

========================================================================
Received Import Request.
  Time since last request: 2.308996 seconds.
  path: Assets/Prefabs/Cloud/cloud3shadow.prefab
  artifactKey: Guid(8d4c2fc3dc0de7f488003f751cb14adc) Importer(815301076,1909f56bfc062723c751e8b465ee728b)
Start importing Assets/Prefabs/Cloud/cloud3shadow.prefab using Guid(8d4c2fc3dc0de7f488003f751cb14adc) Importer(815301076,1909f56bfc062723c751e8b465ee728b)  -> (artifact id: '3fd879804d781178ea6a365aeb39f6d1') in 0.015489 seconds 
  Import took 0.021801 seconds .

========================================================================
Received Import Request.
  Time since last request: 2.326457 seconds.
  path: Assets/Prefabs/Cloud/cloudshadow.prefab
  artifactKey: Guid(2bff5d876fbc3ae428c8344b3ae31e67) Importer(815301076,1909f56bfc062723c751e8b465ee728b)
Start importing Assets/Prefabs/Cloud/cloudshadow.prefab using Guid(2bff5d876fbc3ae428c8344b3ae31e67) Importer(815301076,1909f56bfc062723c751e8b465ee728b)  -> (artifact id: 'a79783b221a2cd0dc26f9d2aae26c690') in 0.014998 seconds 
  Import took 0.021749 seconds .

========================================================================
Received Import Request.
  Time since last request: 6.381521 seconds.
  path: Assets/Prefabs/Rock/rock1.prefab
  artifactKey: Guid(e9953d2dcf786a24eb69e3e99fc1a5d0) Importer(815301076,1909f56bfc062723c751e8b465ee728b)
Start importing Assets/Prefabs/Rock/rock1.prefab using Guid(e9953d2dcf786a24eb69e3e99fc1a5d0) Importer(815301076,1909f56bfc062723c751e8b465ee728b)  -> (artifact id: '77a720444621284d949a407da79ade13') in 0.015968 seconds 
  Import took 0.024570 seconds .

========================================================================
Received Import Request.
  Time since last request: 2.900095 seconds.
  path: Assets/Prefabs/Rock/rock1shadow.prefab
  artifactKey: Guid(b3dac7f9197f3c44baa50ac672a94254) Importer(815301076,1909f56bfc062723c751e8b465ee728b)
Start importing Assets/Prefabs/Rock/rock1shadow.prefab using Guid(b3dac7f9197f3c44baa50ac672a94254) Importer(815301076,1909f56bfc062723c751e8b465ee728b)  -> (artifact id: '51505d88784984cd5b0f8d7a2fe2089a') in 0.028255 seconds 
  Import took 0.034591 seconds .

========================================================================
Received Import Request.
  Time since last request: 2.191508 seconds.
  path: Assets/Prefabs/Rock/rock2.prefab
  artifactKey: Guid(65972d37c0759cf40a29c8b1552cb387) Importer(815301076,1909f56bfc062723c751e8b465ee728b)
Start importing Assets/Prefabs/Rock/rock2.prefab using Guid(65972d37c0759cf40a29c8b1552cb387) Importer(815301076,1909f56bfc062723c751e8b465ee728b)  -> (artifact id: '217eb15c75793d101b20ed35baf40def') in 0.012909 seconds 
  Import took 0.017503 seconds .

========================================================================
Received Import Request.
  Time since last request: 2.556204 seconds.
  path: Assets/Prefabs/Rock/rock2shadow.prefab
  artifactKey: Guid(4243af4614968fc41b649c5b421b889c) Importer(815301076,1909f56bfc062723c751e8b465ee728b)
Start importing Assets/Prefabs/Rock/rock2shadow.prefab using Guid(4243af4614968fc41b649c5b421b889c) Importer(815301076,1909f56bfc062723c751e8b465ee728b)  -> (artifact id: '179ffa85f1164abbf2cf29bbc54afe8c') in 0.015390 seconds 
  Import took 0.024244 seconds .

========================================================================
Received Import Request.
  Time since last request: 2.292753 seconds.
  path: Assets/Prefabs/Rock/rock3.prefab
  artifactKey: Guid(f582b098cab471c448d74efb03f317cf) Importer(815301076,1909f56bfc062723c751e8b465ee728b)
Start importing Assets/Prefabs/Rock/rock3.prefab using Guid(f582b098cab471c448d74efb03f317cf) Importer(815301076,1909f56bfc062723c751e8b465ee728b)  -> (artifact id: '30ac85cf992c8b574b50fa4c94ed4833') in 0.017907 seconds 
  Import took 0.024600 seconds .

========================================================================
Received Import Request.
  Time since last request: 2.709881 seconds.
  path: Assets/Prefabs/Rock/rock3shadow.prefab
  artifactKey: Guid(523dae82e79efdf45ba19bf1d793ff1f) Importer(815301076,1909f56bfc062723c751e8b465ee728b)
Start importing Assets/Prefabs/Rock/rock3shadow.prefab using Guid(523dae82e79efdf45ba19bf1d793ff1f) Importer(815301076,1909f56bfc062723c751e8b465ee728b)  -> (artifact id: 'cf018eb256a9d06be11472f928c57e5f') in 0.012827 seconds 
  Import took 0.019265 seconds .

========================================================================
Received Import Request.
  Time since last request: 2.422394 seconds.
  path: Assets/Prefabs/Rock/rockmix1.prefab
  artifactKey: Guid(f71a93653318cac4e9e92530ca337997) Importer(815301076,1909f56bfc062723c751e8b465ee728b)
Start importing Assets/Prefabs/Rock/rockmix1.prefab using Guid(f71a93653318cac4e9e92530ca337997) Importer(815301076,1909f56bfc062723c751e8b465ee728b)  -> (artifact id: 'cfb885ae31d25695eed5409e8ee2bafc') in 0.016210 seconds 
  Import took 0.025533 seconds .

========================================================================
Received Import Request.
  Time since last request: 2.515899 seconds.
  path: Assets/Prefabs/Rock/rockmix1shadow.prefab
  artifactKey: Guid(c98b9528632ff6b4d91116f759c59cdc) Importer(815301076,1909f56bfc062723c751e8b465ee728b)
Start importing Assets/Prefabs/Rock/rockmix1shadow.prefab using Guid(c98b9528632ff6b4d91116f759c59cdc) Importer(815301076,1909f56bfc062723c751e8b465ee728b)  -> (artifact id: '6b0bbc01ca822542d4cd8f50f5a381f5') in 0.014252 seconds 
  Import took 0.023992 seconds .

========================================================================
Received Import Request.
  Time since last request: 2.415558 seconds.
  path: Assets/Prefabs/Rock/rockmix2.prefab
  artifactKey: Guid(f048da7b15252f140bed0e0d764b7ed4) Importer(815301076,1909f56bfc062723c751e8b465ee728b)
Start importing Assets/Prefabs/Rock/rockmix2.prefab using Guid(f048da7b15252f140bed0e0d764b7ed4) Importer(815301076,1909f56bfc062723c751e8b465ee728b)  -> (artifact id: 'a66ec5c879f5f87377659d2331ac1fb0') in 0.013548 seconds 
  Import took 0.022435 seconds .

========================================================================
Received Import Request.
  Time since last request: 2.317828 seconds.
  path: Assets/Prefabs/Rock/rockmix2shadow.prefab
  artifactKey: Guid(70a9d13a5a154e0458a8adfed4dbfd3f) Importer(815301076,1909f56bfc062723c751e8b465ee728b)
Start importing Assets/Prefabs/Rock/rockmix2shadow.prefab using Guid(70a9d13a5a154e0458a8adfed4dbfd3f) Importer(815301076,1909f56bfc062723c751e8b465ee728b)  -> (artifact id: '2ae16d67411d7242f3fcc00378f4d029') in 0.020058 seconds 
  Import took 0.026772 seconds .

========================================================================
Received Import Request.
  Time since last request: 3.035746 seconds.
  path: Assets/Prefabs/Rock/rockmix3.prefab
  artifactKey: Guid(93c7cda7b97827344a253f6f8e53568a) Importer(815301076,1909f56bfc062723c751e8b465ee728b)
Start importing Assets/Prefabs/Rock/rockmix3.prefab using Guid(93c7cda7b97827344a253f6f8e53568a) Importer(815301076,1909f56bfc062723c751e8b465ee728b)  -> (artifact id: '14d2eb104d70306a410963332e11e416') in 0.019912 seconds 
  Import took 0.024484 seconds .

========================================================================
Received Import Request.
  Time since last request: 2.482078 seconds.
  path: Assets/Prefabs/Rock/rockmix3shadow.prefab
  artifactKey: Guid(af22553a44115cc4488f17fb33945019) Importer(815301076,1909f56bfc062723c751e8b465ee728b)
Start importing Assets/Prefabs/Rock/rockmix3shadow.prefab using Guid(af22553a44115cc4488f17fb33945019) Importer(815301076,1909f56bfc062723c751e8b465ee728b)  -> (artifact id: '2ac275d6a6d0cac8f266a991bf52ab80') in 0.026812 seconds 
  Import took 0.035741 seconds .

AssetImportWorkerClient::OnTransportError - code=2 error=End of file
